build/intermediates/manifest_merge_blame_file/release/manifest-merger-blame-release-report.txt
1<?xml version="1.0" encoding="utf-8"?>
2<manifest xmlns:android="http://schemas.android.com/apk/res/android"
3    package="com.google.android.ads.nativetemplates" >
4
5    <uses-sdk
6        android:minSdkVersion="16"
6-->src/main/AndroidManifest.xml
7        android:targetSdkVersion="34" />
7-->src/main/AndroidManifest.xml
8
9    <application android:supportsRtl="true" >
9-->src/main/AndroidManifest.xml:2:3-4:17
9-->src/main/AndroidManifest.xml:2:16-42
10
11        <!-- package="com.google.android.ads.nativetemplates" -->
12    </application>
13
14</manifest>